# JRE version: OpenJDK Runtime Environment (8.0_152-b01) (build 1.8.0_152-release-1248-b01)
# Java VM: OpenJDK 64-Bit Server VM (25.152-b01 mixed mode linux-amd64 compressed oops)
Heap:
 PSYoungGen      total 393216K, used 0K [0x00000000e0000000, 0x0000000100000000, 0x0000000100000000)
  eden space 363520K, 0% used [0x00000000e0000000,0x00000000e0000000,0x00000000f6300000)
  from space 29696K, 0% used [0x00000000fe300000,0x00000000fe300000,0x0000000100000000)
  to   space 80384K, 0% used [0x00000000f6300000,0x00000000f6300000,0x00000000fb180000)
 ParOldGen       total 192000K, used 133940K [0x00000000a0000000, 0x00000000abb80000, 0x00000000e0000000)
  object space 192000K, 69% used [0x00000000a0000000,0x00000000a82cd0d0,0x00000000abb80000)
 Metaspace       used 97093K, capacity 100438K, committed 101184K, reserved 1138688K
  class space    used 12079K, capacity 12776K, committed 12928K, reserved 1048576K
GC Heap History (10 events):
Event: 4838,809 GC heap after
Heap after GC invocations=40 (full 4):
 PSYoungGen      total 496128K, used 12429K [0x00000000e0000000, 0x00000000fff80000, 0x0000000100000000)
  eden space 468480K, 0% used [0x00000000e0000000,0x00000000e0000000,0x00000000fc980000)
  from space 27648K, 44% used [0x00000000fe480000,0x00000000ff0a3730,0x00000000fff80000)
  to   space 27648K, 0% used [0x00000000fc980000,0x00000000fc980000,0x00000000fe480000)
 ParOldGen       total 173568K, used 55851K [0x00000000a0000000, 0x00000000aa980000, 0x00000000e0000000)
  object space 173568K, 32% used [0x00000000a0000000,0x00000000a368af68,0x00000000aa980000)
 Metaspace       used 96294K, capacity 99570K, committed 100416K, reserved 1136640K
  class space    used 12019K, capacity 12694K, committed 12928K, reserved 1048576K
}
Event: 4840,449 GC heap before
{Heap before GC invocations=41 (full 4):
 PSYoungGen      total 496128K, used 480909K [0x00000000e0000000, 0x00000000fff80000, 0x0000000100000000)
  eden space 468480K, 100% used [0x00000000e0000000,0x00000000fc980000,0x00000000fc980000)
  from space 27648K, 44% used [0x00000000fe480000,0x00000000ff0a3730,0x00000000fff80000)
  to   space 27648K, 0% used [0x00000000fc980000,0x00000000fc980000,0x00000000fe480000)
 ParOldGen       total 173568K, used 55851K [0x00000000a0000000, 0x00000000aa980000, 0x00000000e0000000)
  object space 173568K, 32% used [0x00000000a0000000,0x00000000a368af68,0x00000000aa980000)
 Metaspace       used 96300K, capacity 99570K, committed 100416K, reserved 1136640K
  class space    used 12019K, capacity 12694K, committed 12928K, reserved 1048576K
Event: 4840,467 GC heap after
Heap after GC invocations=41 (full 4):
 PSYoungGen      total 477696K, used 9125K [0x00000000e0000000, 0x00000000ffc00000, 0x0000000100000000)
  eden space 468480K, 0% used [0x00000000e0000000,0x00000000e0000000,0x00000000fc980000)
  from space 9216K, 99% used [0x00000000fc980000,0x00000000fd2694d0,0x00000000fd280000)
  to   space 25600K, 0% used [0x00000000fe300000,0x00000000fe300000,0x00000000ffc00000)
 ParOldGen       total 173568K, used 57689K [0x00000000a0000000, 0x00000000aa980000, 0x00000000e0000000)
  object space 173568K, 33% used [0x00000000a0000000,0x00000000a38566f0,0x00000000aa980000)
 Metaspace       used 96300K, capacity 99570K, committed 100416K, reserved 1136640K
  class space    used 12019K, capacity 12694K, committed 12928K, reserved 1048576K
}
Event: 4841,779 GC heap before
{Heap before GC invocations=42 (full 4):
 PSYoungGen      total 477696K, used 477605K [0x00000000e0000000, 0x00000000ffc00000, 0x0000000100000000)
  eden space 468480K, 100% used [0x00000000e0000000,0x00000000fc980000,0x00000000fc980000)
  from space 9216K, 99% used [0x00000000fc980000,0x00000000fd2694d0,0x00000000fd280000)
  to   space 25600K, 0% used [0x00000000fe300000,0x00000000fe300000,0x00000000ffc00000)
 ParOldGen       total 173568K, used 57689K [0x00000000a0000000, 0x00000000aa980000, 0x00000000e0000000)
  object space 173568K, 33% used [0x00000000a0000000,0x00000000a38566f0,0x00000000aa980000)
 Metaspace       used 96398K, capacity 99660K, committed 100416K, reserved 1136640K
  class space    used 12028K, capacity 12699K, committed 12928K, reserved 1048576K
Event: 4841,802 GC heap after
Heap after GC invocations=42 (full 4):
 PSYoungGen      total 495104K, used 2601K [0x00000000e0000000, 0x0000000100000000, 0x0000000100000000)
  eden space 469504K, 0% used [0x00000000e0000000,0x00000000e0000000,0x00000000fca80000)
  from space 25600K, 10% used [0x00000000fe300000,0x00000000fe58a600,0x00000000ffc00000)
  to   space 25088K, 0% used [0x00000000fca80000,0x00000000fca80000,0x00000000fe300000)
 ParOldGen       total 173568K, used 58975K [0x00000000a0000000, 0x00000000aa980000, 0x00000000e0000000)
  object space 173568K, 33% used [0x00000000a0000000,0x00000000a3997c18,0x00000000aa980000)
 Metaspace       used 96398K, capacity 99660K, committed 100416K, reserved 1136640K
  class space    used 12028K, capacity 12699K, committed 12928K, reserved 1048576K
}
Event: 4847,287 GC heap before
{Heap before GC invocations=43 (full 4):
 PSYoungGen      total 495104K, used 472105K [0x00000000e0000000, 0x0000000100000000, 0x0000000100000000)
  eden space 469504K, 100% used [0x00000000e0000000,0x00000000fca80000,0x00000000fca80000)
  from space 25600K, 10% used [0x00000000fe300000,0x00000000fe58a600,0x00000000ffc00000)
  to   space 25088K, 0% used [0x00000000fca80000,0x00000000fca80000,0x00000000fe300000)
 ParOldGen       total 173568K, used 58975K [0x00000000a0000000, 0x00000000aa980000, 0x00000000e0000000)
  object space 173568K, 33% used [0x00000000a0000000,0x00000000a3997c18,0x00000000aa980000)
 Metaspace       used 97071K, capacity 100468K, committed 101184K, reserved 1138688K
  class space    used 12087K, capacity 12791K, committed 12928K, reserved 1048576K
Event: 4847,728 GC heap after
Heap after GC invocations=43 (full 4):
 PSYoungGen      total 494592K, used 25070K [0x00000000e0000000, 0x0000000100000000, 0x0000000100000000)
  eden space 469504K, 0% used [0x00000000e0000000,0x00000000e0000000,0x00000000fca80000)
  from space 25088K, 99% used [0x00000000fca80000,0x00000000fe2fbbc0,0x00000000fe300000)
  to   space 29696K, 0% used [0x00000000fe300000,0x00000000fe300000,0x0000000100000000)
 ParOldGen       total 173568K, used 117655K [0x00000000a0000000, 0x00000000aa980000, 0x00000000e0000000)
  object space 173568K, 67% used [0x00000000a0000000,0x00000000a72e5e90,0x00000000aa980000)
 Metaspace       used 97071K, capacity 100468K, committed 101184K, reserved 1138688K
  class space    used 12087K, capacity 12791K, committed 12928K, reserved 1048576K
}
Event: 4851,496 GC heap before
{Heap before GC invocations=44 (full 4):
 PSYoungGen      total 494592K, used 494574K [0x00000000e0000000, 0x0000000100000000, 0x0000000100000000)
  eden space 469504K, 100% used [0x00000000e0000000,0x00000000fca80000,0x00000000fca80000)
  from space 25088K, 99% used [0x00000000fca80000,0x00000000fe2fbbc0,0x00000000fe300000)
  to   space 29696K, 0% used [0x00000000fe300000,0x00000000fe300000,0x0000000100000000)
 ParOldGen       total 173568K, used 117655K [0x00000000a0000000, 0x00000000aa980000, 0x00000000e0000000)
  object space 173568K, 67% used [0x00000000a0000000,0x00000000a72e5e90,0x00000000aa980000)
 Metaspace       used 97124K, capacity 100542K, committed 101184K, reserved 1138688K
  class space    used 12089K, capacity 12794K, committed 12928K, reserved 1048576K
Event: 4851,818 GC heap after
Heap after GC invocations=44 (full 4):
 PSYoungGen      total 393216K, used 29680K [0x00000000e0000000, 0x0000000100000000, 0x0000000100000000)
  eden space 363520K, 0% used [0x00000000e0000000,0x00000000e0000000,0x00000000f6300000)
  from space 29696K, 99% used [0x00000000fe300000,0x00000000ffffc2a0,0x0000000100000000)
  to   space 80384K, 0% used [0x00000000f6300000,0x00000000f6300000,0x00000000fb180000)
 ParOldGen       total 192000K, used 191387K [0x00000000a0000000, 0x00000000abb80000, 0x00000000e0000000)
  object space 192000K, 99% used [0x00000000a0000000,0x00000000abae6d78,0x00000000abb80000)
 Metaspace       used 97124K, capacity 100542K, committed 101184K, reserved 1138688K
  class space    used 12089K, capacity 12794K, committed 12928K, reserved 1048576K
}
Event: 4851,818 GC heap before
{Heap before GC invocations=45 (full 5):
 PSYoungGen      total 393216K, used 29680K [0x00000000e0000000, 0x0000000100000000, 0x0000000100000000)
  eden space 363520K, 0% used [0x00000000e0000000,0x00000000e0000000,0x00000000f6300000)
  from space 29696K, 99% used [0x00000000fe300000,0x00000000ffffc2a0,0x0000000100000000)
  to   space 80384K, 0% used [0x00000000f6300000,0x00000000f6300000,0x00000000fb180000)
 ParOldGen       total 192000K, used 191387K [0x00000000a0000000, 0x00000000abb80000, 0x00000000e0000000)
  object space 192000K, 99% used [0x00000000a0000000,0x00000000abae6d78,0x00000000abb80000)
 Metaspace       used 97124K, capacity 100542K, committed 101184K, reserved 1138688K
  class space    used 12089K, capacity 12794K, committed 12928K, reserved 1048576K

